This file contains any messages produced by compilers while
running configure, to aid debugging if configure makes a mistake.

It was created by helloworld configure 0.1, which was
generated by GNU Autoconf 2.71.  Invocation command line was

  $ ./configure

## --------- ##
## Platform. ##
## --------- ##

hostname = gnery-vivobook
uname -m = x86_64
uname -r = 6.2.0-31-generic
uname -s = Linux
uname -v = #31~22.04.1-Ubuntu SMP PREEMPT_DYNAMIC Wed Aug 16 13:45:26 UTC 2

/usr/bin/uname -p = x86_64
/bin/uname -X     = unknown

/bin/arch              = x86_64
/usr/bin/arch -k       = unknown
/usr/convex/getsysinfo = unknown
/usr/bin/hostinfo      = unknown
/bin/machine           = unknown
/usr/bin/oslevel       = unknown
/bin/universe          = unknown

PATH: /usr/share/emscripten/cache/sysroot/bin/
PATH: /home/gnery/.console-ninja/.bin/
PATH: /home/gnery/.console-ninja/.bin/
PATH: /usr/local/sbin/
PATH: /usr/local/bin/
PATH: /usr/sbin/
PATH: /usr/bin/
PATH: /sbin/
PATH: /bin/
PATH: /usr/games/
PATH: /usr/local/games/
PATH: /snap/bin/
PATH: /snap/bin/
PATH: /home/gnery/.local/share/JetBrains/Toolbox/scripts/
PATH: /home/gnery/.local/share/JetBrains/Toolbox/scripts/


## ----------- ##
## Core tests. ##
## ----------- ##

configure:2006: looking for aux files: missing install-sh
configure:2019:  trying ./
configure:2048:   ./missing found
configure:2030:   ./install-sh found
configure:2177: checking for a BSD-compatible install
configure:2250: result: /usr/bin/install -c
configure:2261: checking whether build environment is sane
configure:2316: result: yes
configure:2475: checking for a race-free mkdir -p
configure:2519: result: /usr/bin/mkdir -p
configure:2526: checking for gawk
configure:2561: result: no
configure:2526: checking for mawk
configure:2547: found /usr/bin/mawk
configure:2558: result: mawk
configure:2569: checking whether make sets $(MAKE)
configure:2592: result: yes
configure:2622: checking whether make supports nested variables
configure:2640: result: yes
configure:2904: checking for C++ compiler version
configure:2913: em++ --version >&5
emcc (Emscripten gcc/clang-like replacement + linker emulating GNU ld) 3.1.5 ()
Copyright (C) 2014 the Emscripten authors (see AUTHORS.txt)
This is free and open source software under the MIT license.
There is NO warranty; not even for MERCHANTABILITY or FITNESS FOR A PARTICULAR PURPOSE.

configure:2924: $? = 0
configure:2913: em++ -v >&5
emcc (Emscripten gcc/clang-like replacement + linker emulating GNU ld) 3.1.5 ()
Ubuntu clang version 13.0.1-2ubuntu2.2
Target: wasm32-unknown-emscripten
Thread model: posix
InstalledDir: /usr/bin
configure:2924: $? = 0
configure:2913: em++ -V >&5
em++: error: no input files
configure:2924: $? = 1
configure:2913: em++ -qversion >&5
em++: error: no input files
configure:2924: $? = 1
configure:2944: checking whether the C++ compiler works
configure:2966: em++    conftest.cpp  >&5
configure:2970: $? = 0
configure:3020: result: yes
configure:3023: checking for C++ compiler default output file name
configure:3025: result: a.out
configure:3031: checking for suffix of executables
configure:3038: em++ -o conftest    conftest.cpp  >&5
configure:3042: $? = 0
configure:3065: result: 
configure:3087: checking whether we are cross compiling
configure:3095: em++ -o conftest    conftest.cpp  >&5
configure:3099: $? = 0
configure:3106: ./conftest
configure:3110: $? = 0
configure:3125: result: no
configure:3130: checking for suffix of object files
configure:3153: em++ -c   conftest.cpp >&5
configure:3157: $? = 0
configure:3179: result: o
configure:3183: checking whether the compiler supports GNU C++
configure:3203: em++ -c   conftest.cpp >&5
configure:3203: $? = 0
configure:3213: result: yes
configure:3224: checking whether em++ accepts -g
configure:3245: em++ -c -g  conftest.cpp >&5
configure:3245: $? = 0
configure:3289: result: yes
configure:3309: checking for em++ option to enable C++11 features
configure:3324: em++  -c -g -O2  conftest.cpp >&5
conftest.cpp:177:25: warning: empty parentheses interpreted as a function declaration [-Wvexing-parse]
  cxx11test::delegate d2();
                        ^~
conftest.cpp:177:25: note: remove parentheses to declare a variable
  cxx11test::delegate d2();
                        ^~
1 warning generated.
configure:3324: $? = 0
configure:3342: result: none needed
configure:3409: checking whether make supports the include directive
configure:3424: make -f confmf.GNU && cat confinc.out
this is the am__doit target
configure:3427: $? = 0
configure:3446: result: yes (GNU style)
configure:3472: checking dependency style of em++
configure:3584: result: gcc3
configure:3738: checking that generated files are newer than configure
configure:3744: result: done
configure:3767: creating ./config.status

## ---------------------- ##
## Running config.status. ##
## ---------------------- ##

This file was extended by helloworld config.status 0.1, which was
generated by GNU Autoconf 2.71.  Invocation command line was

  CONFIG_FILES    = 
  CONFIG_HEADERS  = 
  CONFIG_LINKS    = 
  CONFIG_COMMANDS = 
  $ ./config.status 

on gnery-vivobook

config.status:769: creating Makefile
config.status:941: executing depfiles commands
config.status:1018: cd .       && sed -e '/# am--include-marker/d' Makefile         | make -f - am--depfiles
config.status:1023: $? = 0

## ---------------- ##
## Cache variables. ##
## ---------------- ##

ac_cv_cxx_compiler_gnu=yes
ac_cv_env_CCC_set=
ac_cv_env_CCC_value=
ac_cv_env_CPPFLAGS_set=
ac_cv_env_CPPFLAGS_value=
ac_cv_env_CXXFLAGS_set=
ac_cv_env_CXXFLAGS_value=
ac_cv_env_CXX_set=set
ac_cv_env_CXX_value=em++
ac_cv_env_LDFLAGS_set=
ac_cv_env_LDFLAGS_value=
ac_cv_env_LIBS_set=
ac_cv_env_LIBS_value=
ac_cv_env_build_alias_set=
ac_cv_env_build_alias_value=
ac_cv_env_host_alias_set=
ac_cv_env_host_alias_value=
ac_cv_env_target_alias_set=
ac_cv_env_target_alias_value=
ac_cv_objext=o
ac_cv_path_install='/usr/bin/install -c'
ac_cv_path_mkdir=/usr/bin/mkdir
ac_cv_prog_AWK=mawk
ac_cv_prog_cxx_11=no
ac_cv_prog_cxx_cxx11=
ac_cv_prog_cxx_g=yes
ac_cv_prog_cxx_stdcxx=
ac_cv_prog_make_make_set=yes
am_cv_CXX_dependencies_compiler_type=gcc3
am_cv_make_support_nested_variables=yes

## ----------------- ##
## Output variables. ##
## ----------------- ##

ACLOCAL='${SHELL} '\''/home/gnery/Desktop/Wasm/WasmStudy/autotoolsFinal/missing'\'' aclocal-1.16'
AMDEPBACKSLASH='\'
AMDEP_FALSE='#'
AMDEP_TRUE=''
AMTAR='$${TAR-tar}'
AM_BACKSLASH='\'
AM_DEFAULT_V='$(AM_DEFAULT_VERBOSITY)'
AM_DEFAULT_VERBOSITY='1'
AM_V='$(V)'
AUTOCONF='${SHELL} '\''/home/gnery/Desktop/Wasm/WasmStudy/autotoolsFinal/missing'\'' autoconf'
AUTOHEADER='${SHELL} '\''/home/gnery/Desktop/Wasm/WasmStudy/autotoolsFinal/missing'\'' autoheader'
AUTOMAKE='${SHELL} '\''/home/gnery/Desktop/Wasm/WasmStudy/autotoolsFinal/missing'\'' automake-1.16'
AWK='mawk'
CPPFLAGS=''
CSCOPE='cscope'
CTAGS='ctags'
CXX='em++'
CXXDEPMODE='depmode=gcc3'
CXXFLAGS='-g -O2'
CYGPATH_W='echo'
DEFS='-DPACKAGE_NAME=\"helloworld\" -DPACKAGE_TARNAME=\"helloworld\" -DPACKAGE_VERSION=\"0.1\" -DPACKAGE_STRING=\"helloworld\ 0.1\" -DPACKAGE_BUGREPORT=\"george@thoughtbot.com\" -DPACKAGE_URL=\"\" -DPACKAGE=\"helloworld\" -DVERSION=\"0.1\"'
DEPDIR='.deps'
ECHO_C=''
ECHO_N='-n'
ECHO_T=''
ETAGS='etags'
EXEEXT=''
INSTALL_DATA='${INSTALL} -m 644'
INSTALL_PROGRAM='${INSTALL}'
INSTALL_SCRIPT='${INSTALL}'
INSTALL_STRIP_PROGRAM='$(install_sh) -c -s'
LDFLAGS=''
LIBOBJS=''
LIBS=''
LTLIBOBJS=''
MAKEINFO='${SHELL} '\''/home/gnery/Desktop/Wasm/WasmStudy/autotoolsFinal/missing'\'' makeinfo'
MKDIR_P='/usr/bin/mkdir -p'
OBJEXT='o'
PACKAGE='helloworld'
PACKAGE_BUGREPORT='george@thoughtbot.com'
PACKAGE_NAME='helloworld'
PACKAGE_STRING='helloworld 0.1'
PACKAGE_TARNAME='helloworld'
PACKAGE_URL=''
PACKAGE_VERSION='0.1'
PATH_SEPARATOR=':'
SET_MAKE=''
SHELL='/bin/bash'
STRIP=''
VERSION='0.1'
ac_ct_CXX=''
am__EXEEXT_FALSE=''
am__EXEEXT_TRUE='#'
am__fastdepCXX_FALSE='#'
am__fastdepCXX_TRUE=''
am__include='include'
am__isrc=''
am__leading_dot='.'
am__nodep='_no'
am__quote=''
am__tar='$${TAR-tar} chof - "$$tardir"'
am__untar='$${TAR-tar} xf -'
bindir='${exec_prefix}/bin'
build_alias=''
datadir='${datarootdir}'
datarootdir='${prefix}/share'
docdir='${datarootdir}/doc/${PACKAGE_TARNAME}'
dvidir='${docdir}'
exec_prefix='${prefix}'
host_alias=''
htmldir='${docdir}'
includedir='${prefix}/include'
infodir='${datarootdir}/info'
install_sh='${SHELL} /home/gnery/Desktop/Wasm/WasmStudy/autotoolsFinal/install-sh'
libdir='${exec_prefix}/lib'
libexecdir='${exec_prefix}/libexec'
localedir='${datarootdir}/locale'
localstatedir='${prefix}/var'
mandir='${datarootdir}/man'
mkdir_p='$(MKDIR_P)'
oldincludedir='/usr/include'
pdfdir='${docdir}'
prefix='/usr/local'
program_transform_name='s,x,x,'
psdir='${docdir}'
runstatedir='${localstatedir}/run'
sbindir='${exec_prefix}/sbin'
sharedstatedir='${prefix}/com'
sysconfdir='${prefix}/etc'
target_alias=''

## ----------- ##
## confdefs.h. ##
## ----------- ##

/* confdefs.h */
#define PACKAGE_NAME "helloworld"
#define PACKAGE_TARNAME "helloworld"
#define PACKAGE_VERSION "0.1"
#define PACKAGE_STRING "helloworld 0.1"
#define PACKAGE_BUGREPORT "george@thoughtbot.com"
#define PACKAGE_URL ""
#define PACKAGE "helloworld"
#define VERSION "0.1"

configure: exit 0
